# JRE version: Java(TM) SE Runtime Environment (8.0_121-b13) (build 1.8.0_121-b13)
# Java VM: Java HotSpot(TM) 64-Bit Server VM (25.121-b13 mixed mode windows-amd64 compressed oops)
Heap:
 PSYoungGen      total 582656K, used 73377K [0x00000000d5d00000, 0x0000000100000000, 0x0000000100000000)
  eden space 525312K, 13% used [0x00000000d5d00000,0x00000000da4a8698,0x00000000f5e00000)
  from space 57344K, 0% used [0x00000000f5e00000,0x00000000f5e00000,0x00000000f9600000)
  to   space 58880K, 0% used [0x00000000fc680000,0x00000000fc680000,0x0000000100000000)
 ParOldGen       total 345600K, used 222917K [0x0000000081600000, 0x0000000096780000, 0x00000000d5d00000)
  object space 345600K, 64% used [0x0000000081600000,0x000000008efb14c0,0x0000000096780000)
 Metaspace       used 6879K, capacity 6996K, committed 7296K, reserved 1056768K
  class space    used 759K, capacity 797K, committed 896K, reserved 1048576K
GC Heap History (10 events):
Event: 5.907 GC heap before
{Heap before GC invocations=12 (full 1):
 PSYoungGen      total 404992K, used 404859K [0x00000000d5d00000, 0x00000000f3380000, 0x0000000100000000)
  eden space 369152K, 100% used [0x00000000d5d00000,0x00000000ec580000,0x00000000ec580000)
  from space 35840K, 99% used [0x00000000f1080000,0x00000000f335eda0,0x00000000f3380000)
  to   space 44544K, 0% used [0x00000000edc80000,0x00000000edc80000,0x00000000f0800000)
 ParOldGen       total 157184K, used 94798K [0x0000000081600000, 0x000000008af80000, 0x00000000d5d00000)
  object space 157184K, 60% used [0x0000000081600000,0x00000000872938a0,0x000000008af80000)
 Metaspace       used 6600K, capacity 6802K, committed 7040K, reserved 1056768K
  class space    used 746K, capacity 795K, committed 896K, reserved 1048576K
Event: 5.931 GC heap after
Heap after GC invocations=12 (full 1):
 PSYoungGen      total 437248K, used 44197K [0x00000000d5d00000, 0x00000000fcc80000, 0x0000000100000000)
  eden space 392704K, 0% used [0x00000000d5d00000,0x00000000d5d00000,0x00000000edc80000)
  from space 44544K, 99% used [0x00000000edc80000,0x00000000f07a96f0,0x00000000f0800000)
  to   space 50688K, 0% used [0x00000000f9b00000,0x00000000f9b00000,0x00000000fcc80000)
 ParOldGen       total 157184K, used 133251K [0x0000000081600000, 0x000000008af80000, 0x00000000d5d00000)
  object space 157184K, 84% used [0x0000000081600000,0x0000000089820fd0,0x000000008af80000)
 Metaspace       used 6600K, capacity 6802K, committed 7040K, reserved 1056768K
  class space    used 746K, capacity 795K, committed 896K, reserved 1048576K
}
Event: 5.931 GC heap before
{Heap before GC invocations=13 (full 2):
 PSYoungGen      total 437248K, used 44197K [0x00000000d5d00000, 0x00000000fcc80000, 0x0000000100000000)
  eden space 392704K, 0% used [0x00000000d5d00000,0x00000000d5d00000,0x00000000edc80000)
  from space 44544K, 99% used [0x00000000edc80000,0x00000000f07a96f0,0x00000000f0800000)
  to   space 50688K, 0% used [0x00000000f9b00000,0x00000000f9b00000,0x00000000fcc80000)
 ParOldGen       total 157184K, used 133251K [0x0000000081600000, 0x000000008af80000, 0x00000000d5d00000)
  object space 157184K, 84% used [0x0000000081600000,0x0000000089820fd0,0x000000008af80000)
 Metaspace       used 6600K, capacity 6802K, committed 7040K, reserved 1056768K
  class space    used 746K, capacity 795K, committed 896K, reserved 1048576K
Event: 5.980 GC heap after
Heap after GC invocations=13 (full 2):
 PSYoungGen      total 437248K, used 18493K [0x00000000d5d00000, 0x00000000fcc80000, 0x0000000100000000)
  eden space 392704K, 0% used [0x00000000d5d00000,0x00000000d5d00000,0x00000000edc80000)
  from space 44544K, 41% used [0x00000000edc80000,0x00000000eee8f7c8,0x00000000f0800000)
  to   space 50688K, 0% used [0x00000000f9b00000,0x00000000f9b00000,0x00000000fcc80000)
 ParOldGen       total 248832K, used 156005K [0x0000000081600000, 0x0000000090900000, 0x00000000d5d00000)
  object space 248832K, 62% used [0x0000000081600000,0x000000008ae59740,0x0000000090900000)
 Metaspace       used 6600K, capacity 6802K, committed 7040K, reserved 1056768K
  class space    used 746K, capacity 795K, committed 896K, reserved 1048576K
}
Event: 7.351 GC heap before
{Heap before GC invocations=14 (full 2):
 PSYoungGen      total 437248K, used 411197K [0x00000000d5d00000, 0x00000000fcc80000, 0x0000000100000000)
  eden space 392704K, 100% used [0x00000000d5d00000,0x00000000edc80000,0x00000000edc80000)
  from space 44544K, 41% used [0x00000000edc80000,0x00000000eee8f7c8,0x00000000f0800000)
  to   space 50688K, 0% used [0x00000000f9b00000,0x00000000f9b00000,0x00000000fcc80000)
 ParOldGen       total 248832K, used 156005K [0x0000000081600000, 0x0000000090900000, 0x00000000d5d00000)
  object space 248832K, 62% used [0x0000000081600000,0x000000008ae59740,0x0000000090900000)
 Metaspace       used 6624K, capacity 6802K, committed 7040K, reserved 1056768K
  class space    used 746K, capacity 795K, committed 896K, reserved 1048576K
Event: 7.371 GC heap after
Heap after GC invocations=14 (full 2):
 PSYoungGen      total 576000K, used 48466K [0x00000000d5d00000, 0x00000000fce00000, 0x0000000100000000)
  eden space 525312K, 0% used [0x00000000d5d00000,0x00000000d5d00000,0x00000000f5e00000)
  from space 50688K, 95% used [0x00000000f9b00000,0x00000000fca54870,0x00000000fcc80000)
  to   space 57344K, 0% used [0x00000000f5e00000,0x00000000f5e00000,0x00000000f9600000)
 ParOldGen       total 248832K, used 177355K [0x0000000081600000, 0x0000000090900000, 0x00000000d5d00000)
  object space 248832K, 71% used [0x0000000081600000,0x000000008c332ec0,0x0000000090900000)
 Metaspace       used 6624K, capacity 6802K, committed 7040K, reserved 1056768K
  class space    used 746K, capacity 795K, committed 896K, reserved 1048576K
}
Event: 963.123 GC heap before
{Heap before GC invocations=15 (full 2):
 PSYoungGen      total 576000K, used 573778K [0x00000000d5d00000, 0x00000000fce00000, 0x0000000100000000)
  eden space 525312K, 100% used [0x00000000d5d00000,0x00000000f5e00000,0x00000000f5e00000)
  from space 50688K, 95% used [0x00000000f9b00000,0x00000000fca54870,0x00000000fcc80000)
  to   space 57344K, 0% used [0x00000000f5e00000,0x00000000f5e00000,0x00000000f9600000)
 ParOldGen       total 248832K, used 177355K [0x0000000081600000, 0x0000000090900000, 0x00000000d5d00000)
  object space 248832K, 71% used [0x0000000081600000,0x000000008c332ec0,0x0000000090900000)
 Metaspace       used 6865K, capacity 6996K, committed 7296K, reserved 1056768K
  class space    used 759K, capacity 797K, committed 896K, reserved 1048576K
Event: 963.167 GC heap after
Heap after GC invocations=15 (full 2):
 PSYoungGen      total 582656K, used 160K [0x00000000d5d00000, 0x0000000100000000, 0x0000000100000000)
  eden space 525312K, 0% used [0x00000000d5d00000,0x00000000d5d00000,0x00000000f5e00000)
  from space 57344K, 0% used [0x00000000f5e00000,0x00000000f5e28000,0x00000000f9600000)
  to   space 58880K, 0% used [0x00000000fc680000,0x00000000fc680000,0x0000000100000000)
 ParOldGen       total 248832K, used 234302K [0x0000000081600000, 0x0000000090900000, 0x00000000d5d00000)
  object space 248832K, 94% used [0x0000000081600000,0x000000008facfa30,0x0000000090900000)
 Metaspace       used 6865K, capacity 6996K, committed 7296K, reserved 1056768K
  class space    used 759K, capacity 797K, committed 896K, reserved 1048576K
}
Event: 963.167 GC heap before
{Heap before GC invocations=16 (full 3):
 PSYoungGen      total 582656K, used 160K [0x00000000d5d00000, 0x0000000100000000, 0x0000000100000000)
  eden space 525312K, 0% used [0x00000000d5d00000,0x00000000d5d00000,0x00000000f5e00000)
  from space 57344K, 0% used [0x00000000f5e00000,0x00000000f5e28000,0x00000000f9600000)
  to   space 58880K, 0% used [0x00000000fc680000,0x00000000fc680000,0x0000000100000000)
 ParOldGen       total 248832K, used 234302K [0x0000000081600000, 0x0000000090900000, 0x00000000d5d00000)
  object space 248832K, 94% used [0x0000000081600000,0x000000008facfa30,0x0000000090900000)
 Metaspace       used 6865K, capacity 6996K, committed 7296K, reserved 1056768K
  class space    used 759K, capacity 797K, committed 896K, reserved 1048576K
Event: 963.379 GC heap after
Heap after GC invocations=16 (full 3):
 PSYoungGen      total 582656K, used 0K [0x00000000d5d00000, 0x0000000100000000, 0x0000000100000000)
  eden space 525312K, 0% used [0x00000000d5d00000,0x00000000d5d00000,0x00000000f5e00000)
  from space 57344K, 0% used [0x00000000f5e00000,0x00000000f5e00000,0x00000000f9600000)
  to   space 58880K, 0% used [0x00000000fc680000,0x00000000fc680000,0x0000000100000000)
 ParOldGen       total 345600K, used 222917K [0x0000000081600000, 0x0000000096780000, 0x00000000d5d00000)
  object space 345600K, 64% used [0x0000000081600000,0x000000008efb14c0,0x0000000096780000)
 Metaspace       used 6865K, capacity 6996K, committed 7296K, reserved 1056768K
  class space    used 759K, capacity 797K, committed 896K, reserved 1048576K
}

